<?xml version="1.0" encoding="UTF-8"?>
<testsuite name="Validate Registration Form For A Single User" tests="1" skipped="0" failures="0" errors="0" timestamp="2022-10-09T18:58:23" hostname="LENOVO_G780" time="14.557">
  <properties/>
  <testcase name="Registration Form Entry Validation" classname="Validate Registration Form For A Single User" time="14.557"/>
  <system-out><![CDATA[
Scenario: Registration Form Entry Validation  ?[90m# src/test/java/myFeatures/DataTableSingleUser.feature:3?[0m
  ?[32mGiven ?[0m?[32mUser open the browser?[0m                 ?[90m# stepsDefinition.LoginValidationSteps.userOpenTheBrowser()?[0m
  ?[32mAnd ?[0m?[32mUser enters the url?[0m                     ?[90m# stepsDefinition.LoginValidationSteps.userEntersTheUrl()?[0m
  ?[32mAnd ?[0m?[32mUser navigates to the Registration page?[0m ?[90m# stepsDefinition.DataTableSingleUserSteps.userNavigatesToTheRegistrationPage()?[0m
  ?[32mWhen ?[0m?[32mUser enters the single student details?[0m ?[90m# stepsDefinition.DataTableSingleUserSteps.userEntersTheSingleStudentDetails(io.cucumber.datatable.DataTable)?[0m
    | Ahan | A | Ahan.a@gmail.com | Male | 9861478950 | Maths |
  ?[32mThen ?[0m?[32mBrowser should get closed?[0m              ?[90m# stepsDefinition.LoginValidationSteps.browserShouldGetClosed()?[0m
]]></system-out>
  <system-err><![CDATA[Starting ChromeDriver 106.0.5249.21 (71f4e2c9a6f38f5550a8ea29a984a08304554956-refs/branch-heads/5249@{#228}) on port 51786
Only local connections are allowed.
Please see https://chromedriver.chromium.org/security-considerations for suggestions on keeping ChromeDriver safe.
ChromeDriver was started successfully.
окт. 09, 2022 9:58:27 PM org.openqa.selenium.remote.ProtocolHandshake createSession
INFO: Detected upstream dialect: W3C
окт. 09, 2022 9:58:27 PM org.openqa.selenium.devtools.CdpVersionFinder findNearestMatch
INFO: Found exact CDP implementation for version 106
окт. 09, 2022 9:58:37 PM org.openqa.selenium.os.OsProcess destroy
SEVERE: Unable to kill process Process[pid=21332, exitValue=1]
]]></system-err>
</testsuite>
